Build started 23/05/2015 23:15:54.
     1>Project "C:\Users\Brennan\Documents\Visual Studio 2013\Projects\PizzaProgramC++\PizzaProgramC++\PizzaProgramC++.vcxproj" on node 2 (Build target(s)).
     1>ClCompile:
         C:\Program Files (x86)\Microsoft Visual Studio 14.0\VC\bin\x86_amd64\CL.exe /c /ZI /nologo /W3 /WX- /sdl /Od /D _MBCS /Gm /EHsc /RTC1 /MDd /GS /fp:precise /Zc:wchar_t /Zc:forScope /Zc:inline /Fo"x64\Debug\\" /Fd"x64\Debug\vc140.pdb" /Gd /TP /wd4996 /errorReport:prompt DrinkClass.cpp FADClass.cpp FileClass.cpp main.cpp PizzaClass.cpp TableClass.cpp ToppingClass.cpp
         ToppingClass.cpp
         TableClass.cpp
         PizzaClass.cpp
         main.cpp
         FileClass.cpp
         FADClass.cpp
         DrinkClass.cpp
         Generating Code...
       Link:
         C:\Program Files (x86)\Microsoft Visual Studio 14.0\VC\bin\x86_amd64\link.exe /ERRORREPORT:PROMPT /OUT:"C:\Users\Brennan\Documents\Visual Studio 2013\Projects\PizzaProgramC++\x64\Debug\PizzaProgramC++.exe" /INCREMENTAL /NOLOGO kernel32.lib user32.lib gdi32.lib winspool.lib comdlg32.lib advapi32.lib shell32.lib ole32.lib oleaut32.lib uuid.lib odbc32.lib odbccp32.lib /MANIFEST /MANIFESTUAC:"level='asInvoker' uiAccess='false'" /manifest:embed /Debug /PDB:"C:\Users\Brennan\Documents\Visual Studio 2013\Projects\PizzaProgramC++\x64\Debug\PizzaProgramC++.pdb" /TLBID:1 /DYNAMICBASE /NXCOMPAT /IMPLIB:"C:\Users\Brennan\Documents\Visual Studio 2013\Projects\PizzaProgramC++\x64\Debug\PizzaProgramC++.lib" /MACHINE:X64 x64\Debug\DrinkClass.obj
         x64\Debug\FADClass.obj
         x64\Debug\FileClass.obj
         x64\Debug\main.obj
         x64\Debug\PizzaClass.obj
         x64\Debug\TableClass.obj
         x64\Debug\ToppingClass.obj
         PizzaProgramC++.vcxproj -> C:\Users\Brennan\Documents\Visual Studio 2013\Projects\PizzaProgramC++\x64\Debug\PizzaProgramC++.exe
     1>Done Building Project "C:\Users\Brennan\Documents\Visual Studio 2013\Projects\PizzaProgramC++\PizzaProgramC++\PizzaProgramC++.vcxproj" (Build target(s)).

Build succeeded.

Time Elapsed 00:00:19.12
